<?xml version="1.0" encoding="UTF-8"?>
<testsuite name="getListUsers" tests="3" skipped="0" failures="0" errors="0" timestamp="2024-09-18T16:18:32" hostname="E2315s-MacBook-Pro.local" time="4.541">
  <properties/>
  <testcase name="verifyCreateUserFlow" classname="getListUsers" time="2.677"/>
  <testcase name="verifyGetListUsersWhenPageNumberIsSentInQueryParam" classname="getListUsers" time="1.404"/>
  <testcase name="verifyGetListUsersWithoutQueryParam" classname="getListUsers" time="0.451"/>
  <system-out><![CDATA[Headers:		x-consumer-name=AG
				deviceId=iphone-13
				platform=IOS
				Accept=*/*
				Content-Type=application/json
Request params:	<none>
Query params:	<none>
Form params:	<none>
Path params:	<none>
Multiparts:		<none>
Body:
{
    "name": "AG",
    "job": "Tester"
}
Request method:	POST
Request URI:	https://reqres.in/api/users
============API Response===========
API response status code is 2XX series
Headers:		x-consumer-name=AG
				deviceId=iphone-13
				platform=IOS
				Accept=*/*
				x-consumer-name=AG
				deviceId=iphone-13
				platform=IOS
				Content-Type=application/json
Request params:	<none>
Query params:	<none>
Form params:	<none>
Path params:	<none>
Multiparts:		<none>
Body:
{
    "name": "AG",
    "job": "Tester"
}
Request method:	GET
Request URI:	https://reqres.in/api/users
============API Response===========
API response status code is 2XX series
Headers:		x-consumer-name=AG
				deviceId=iphone-13
				platform=IOS
				Accept=*/*
				x-consumer-name=AG
				deviceId=iphone-13
				platform=IOS
				x-consumer-name=AG
				deviceId=OnePlus9
				platform=android
				Content-Type=application/json
Request params:	<none>
Query params:	<none>
Form params:	<none>
Path params:	<none>
Multiparts:		<none>
Body:
{
    "name": "AG",
    "job": "Tester"
}
Request method:	GET
Request URI:	https://reqres.in/api/users
]]></system-out>
  <system-err><![CDATA[]]></system-err>
</testsuite>
